<?xml version="1.0" encoding="UTF-8"?>
<!-- Generated by org.testng.reporters.JUnitReportReporter -->
<testsuite hostname="LAPTOP-95OV1M57" failures="0" tests="2" name="seleniumPractice.DragDropSliders" time="42.462" errors="0" timestamp="24 abr 2026 22:34:04 GMT" skipped="0">
  <testcase classname="seleniumPractice.DragDropSliders" name="TestSlider" time="23.170"/>
  <testcase classname="seleniumPractice.DragDropSliders" name="TestSlider" time="19.292"/>
</testsuite> <!-- seleniumPractice.DragDropSliders -->
