<?xml version="1.0" encoding="UTF-8"?>
<!-- Generated by org.testng.reporters.JUnitReportReporter -->
<testsuite hostname="LAPTOP-95OV1M57" failures="0" tests="2" name="seleniumPractice.simpleFormDemo" time="9.196" errors="0" timestamp="24 abr 2026 22:30:51 GMT" skipped="0">
  <testcase classname="seleniumPractice.simpleFormDemo" name="TestFormDemo" time="4.463"/>
  <testcase classname="seleniumPractice.simpleFormDemo" name="TestFormDemo" time="4.733"/>
</testsuite> <!-- seleniumPractice.simpleFormDemo -->
